<?xml version="1.0" encoding="UTF-8"?>
<robot generator="Robot 6.1 (Python 3.11.3 on win32)" generated="20230831 12:20:38.342" rpa="false" schemaversion="4">
<suite id="s1" name="Parallel Testing" source="D:\RAJA_AUTOMATION\UI_AUTOMATION\Tests\Parallel_Testing.robot">
<kw name="Log To Console" library="BuiltIn" type="SETUP">
<arg>suite setup</arg>
<doc>Logs the given message to the console.</doc>
<status status="PASS" starttime="20230831 12:20:38.546" endtime="20230831 12:20:38.546"/>
</kw>
<test id="s1-t1" name="TC_02 Testing Confirm Alert" line="10">
<kw name="Launch Automation Practice Page" type="SETUP">
<kw name="Create Webdriver" library="SeleniumLibrary">
<arg>Edge</arg>
<doc>Creates an instance of Selenium WebDriver.</doc>
<msg timestamp="20230831 12:20:38.546" level="INFO">Creating an instance of the Edge WebDriver.</msg>
<status status="PASS" starttime="20230831 12:20:38.546" endtime="20230831 12:20:42.298"/>
</kw>
<kw name="Go To" library="SeleniumLibrary">
<arg>https://testautomationpractice.blogspot.com/</arg>
<doc>Navigates the current browser window to the provided ``url``.</doc>
<msg timestamp="20230831 12:20:42.299" level="INFO">Opening url 'https://testautomationpractice.blogspot.com/'</msg>
<status status="PASS" starttime="20230831 12:20:42.298" endtime="20230831 12:20:49.946"/>
</kw>
<kw name="Maximize Browser Window" library="SeleniumLibrary">
<doc>Maximizes current browser window.</doc>
<status status="PASS" starttime="20230831 12:20:49.947" endtime="20230831 12:20:50.074"/>
</kw>
<kw name="Sleep" library="BuiltIn">
<arg>2</arg>
<doc>Pauses the test executed for the given time.</doc>
<msg timestamp="20230831 12:20:52.075" level="INFO">Slept 2 seconds</msg>
<status status="PASS" starttime="20230831 12:20:50.074" endtime="20230831 12:20:52.075"/>
</kw>
<status status="PASS" starttime="20230831 12:20:38.546" endtime="20230831 12:20:52.075"/>
</kw>
<kw name="Handle Confirm Alert">
<kw name="Click Element" library="SeleniumLibrary">
<arg>xpath://button[text()='Confirm Box']</arg>
<doc>Click the element identified by ``locator``.</doc>
<msg timestamp="20230831 12:20:52.077" level="INFO">Clicking element 'xpath://button[text()='Confirm Box']'.</msg>
<status status="PASS" starttime="20230831 12:20:52.077" endtime="20230831 12:20:52.140"/>
</kw>
<kw name="Sleep" library="BuiltIn">
<arg>2</arg>
<doc>Pauses the test executed for the given time.</doc>
<msg timestamp="20230831 12:20:54.140" level="INFO">Slept 2 seconds</msg>
<status status="PASS" starttime="20230831 12:20:52.140" endtime="20230831 12:20:54.140"/>
</kw>
<kw name="Handle Alert" library="SeleniumLibrary">
<arg>accept</arg>
<doc>Handles the current alert and returns its message.</doc>
<msg timestamp="20230831 12:20:54.140" level="INFO">HANDLE::&lt;class 'NoneType'&gt;::None</msg>
<status status="PASS" starttime="20230831 12:20:54.140" endtime="20230831 12:20:54.146"/>
</kw>
<kw name="Sleep" library="BuiltIn">
<arg>1</arg>
<doc>Pauses the test executed for the given time.</doc>
<msg timestamp="20230831 12:20:55.147" level="INFO">Slept 1 second</msg>
<status status="PASS" starttime="20230831 12:20:54.146" endtime="20230831 12:20:55.147"/>
</kw>
<status status="PASS" starttime="20230831 12:20:52.075" endtime="20230831 12:20:55.147"/>
</kw>
<kw name="Close Browser" library="SeleniumLibrary" type="TEARDOWN">
<doc>Closes the current browser.</doc>
<status status="PASS" starttime="20230831 12:20:55.147" endtime="20230831 12:20:57.335"/>
</kw>
<status status="PASS" starttime="20230831 12:20:38.546" endtime="20230831 12:20:57.335"/>
</test>
<kw name="Log To Console" library="BuiltIn" type="TEARDOWN">
<arg>suite teardown</arg>
<doc>Logs the given message to the console.</doc>
<status status="PASS" starttime="20230831 12:20:57.335" endtime="20230831 12:20:57.335"/>
</kw>
<status status="PASS" starttime="20230831 12:20:38.357" endtime="20230831 12:20:57.335"/>
</suite>
<statistics>
<total>
<stat pass="1" fail="0" skip="0">All Tests</stat>
</total>
<tag>
</tag>
<suite>
<stat pass="1" fail="0" skip="0" id="s1" name="Parallel Testing">Parallel Testing</stat>
</suite>
</statistics>
<errors>
</errors>
</robot>
