<?xml version="1.0" encoding="UTF-8"?>
<robot generator="Rebot 6.1 (Python 3.11.3 on win32)" generated="20230831 12:21:25.469" rpa="false" schemaversion="4">
<suite id="s1" name="Parallel Testing" source="D:\RAJA_AUTOMATION\UI_AUTOMATION\Tests\Parallel_Testing.robot">
<kw name="Log To Console" library="BuiltIn" type="SETUP">
<arg>suite setup</arg>
<doc>Logs the given message to the console.</doc>
<status status="PASS" starttime="20230831 12:20:38.546" endtime="20230831 12:20:38.546"/>
</kw>
<test id="s1-t1" name="TC_01 Testing Alert" line="8">
<kw name="Launch Automation Practice Page" type="SETUP">
<kw name="Create Webdriver" library="SeleniumLibrary">
<arg>Edge</arg>
<doc>Creates an instance of Selenium WebDriver.</doc>
<msg timestamp="20230831 12:20:38.546" level="INFO">Creating an instance of the Edge WebDriver.</msg>
<status status="PASS" starttime="20230831 12:20:38.546" endtime="20230831 12:20:40.338"/>
</kw>
<kw name="Go To" library="SeleniumLibrary">
<arg>https://testautomationpractice.blogspot.com/</arg>
<doc>Navigates the current browser window to the provided ``url``.</doc>
<msg timestamp="20230831 12:20:40.339" level="INFO">Opening url 'https://testautomationpractice.blogspot.com/'</msg>
<status status="PASS" starttime="20230831 12:20:40.338" endtime="20230831 12:20:49.343"/>
</kw>
<kw name="Maximize Browser Window" library="SeleniumLibrary">
<doc>Maximizes current browser window.</doc>
<status status="PASS" starttime="20230831 12:20:49.343" endtime="20230831 12:20:49.468"/>
</kw>
<kw name="Sleep" library="BuiltIn">
<arg>2</arg>
<doc>Pauses the test executed for the given time.</doc>
<msg timestamp="20230831 12:20:51.469" level="INFO">Slept 2 seconds</msg>
<status status="PASS" starttime="20230831 12:20:49.468" endtime="20230831 12:20:51.469"/>
</kw>
<status status="PASS" starttime="20230831 12:20:38.546" endtime="20230831 12:20:51.469"/>
</kw>
<kw name="Handle Alert Element">
<kw name="Click Element" library="SeleniumLibrary">
<arg>xpath://button[text()='Alert']</arg>
<doc>Click the element identified by ``locator``.</doc>
<msg timestamp="20230831 12:20:51.472" level="INFO">Clicking element 'xpath://button[text()='Alert']'.</msg>
<status status="PASS" starttime="20230831 12:20:51.471" endtime="20230831 12:20:51.586"/>
</kw>
<kw name="Sleep" library="BuiltIn">
<arg>2</arg>
<doc>Pauses the test executed for the given time.</doc>
<msg timestamp="20230831 12:20:53.587" level="INFO">Slept 2 seconds</msg>
<status status="PASS" starttime="20230831 12:20:51.586" endtime="20230831 12:20:53.587"/>
</kw>
<kw name="Handle Alert" library="SeleniumLibrary">
<arg>accept</arg>
<doc>Handles the current alert and returns its message.</doc>
<msg timestamp="20230831 12:20:53.590" level="INFO">HANDLE::&lt;class 'NoneType'&gt;::None</msg>
<status status="PASS" starttime="20230831 12:20:53.588" endtime="20230831 12:20:53.603"/>
</kw>
<kw name="Sleep" library="BuiltIn">
<arg>1</arg>
<doc>Pauses the test executed for the given time.</doc>
<msg timestamp="20230831 12:20:54.605" level="INFO">Slept 1 second</msg>
<status status="PASS" starttime="20230831 12:20:53.603" endtime="20230831 12:20:54.605"/>
</kw>
<status status="PASS" starttime="20230831 12:20:51.470" endtime="20230831 12:20:54.605"/>
</kw>
<kw name="Close Browser" library="SeleniumLibrary" type="TEARDOWN">
<doc>Closes the current browser.</doc>
<status status="PASS" starttime="20230831 12:20:54.605" endtime="20230831 12:20:56.801"/>
</kw>
<status status="PASS" starttime="20230831 12:20:38.546" endtime="20230831 12:20:56.801"/>
</test>
<test id="s1-t2" name="TC_02 Testing Confirm Alert" line="10">
<kw name="Launch Automation Practice Page" type="SETUP">
<kw name="Create Webdriver" library="SeleniumLibrary">
<arg>Edge</arg>
<doc>Creates an instance of Selenium WebDriver.</doc>
<msg timestamp="20230831 12:20:38.546" level="INFO">Creating an instance of the Edge WebDriver.</msg>
<status status="PASS" starttime="20230831 12:20:38.546" endtime="20230831 12:20:42.298"/>
</kw>
<kw name="Go To" library="SeleniumLibrary">
<arg>https://testautomationpractice.blogspot.com/</arg>
<doc>Navigates the current browser window to the provided ``url``.</doc>
<msg timestamp="20230831 12:20:42.299" level="INFO">Opening url 'https://testautomationpractice.blogspot.com/'</msg>
<status status="PASS" starttime="20230831 12:20:42.298" endtime="20230831 12:20:49.946"/>
</kw>
<kw name="Maximize Browser Window" library="SeleniumLibrary">
<doc>Maximizes current browser window.</doc>
<status status="PASS" starttime="20230831 12:20:49.947" endtime="20230831 12:20:50.074"/>
</kw>
<kw name="Sleep" library="BuiltIn">
<arg>2</arg>
<doc>Pauses the test executed for the given time.</doc>
<msg timestamp="20230831 12:20:52.075" level="INFO">Slept 2 seconds</msg>
<status status="PASS" starttime="20230831 12:20:50.074" endtime="20230831 12:20:52.075"/>
</kw>
<status status="PASS" starttime="20230831 12:20:38.546" endtime="20230831 12:20:52.075"/>
</kw>
<kw name="Handle Confirm Alert">
<kw name="Click Element" library="SeleniumLibrary">
<arg>xpath://button[text()='Confirm Box']</arg>
<doc>Click the element identified by ``locator``.</doc>
<msg timestamp="20230831 12:20:52.077" level="INFO">Clicking element 'xpath://button[text()='Confirm Box']'.</msg>
<status status="PASS" starttime="20230831 12:20:52.077" endtime="20230831 12:20:52.140"/>
</kw>
<kw name="Sleep" library="BuiltIn">
<arg>2</arg>
<doc>Pauses the test executed for the given time.</doc>
<msg timestamp="20230831 12:20:54.140" level="INFO">Slept 2 seconds</msg>
<status status="PASS" starttime="20230831 12:20:52.140" endtime="20230831 12:20:54.140"/>
</kw>
<kw name="Handle Alert" library="SeleniumLibrary">
<arg>accept</arg>
<doc>Handles the current alert and returns its message.</doc>
<msg timestamp="20230831 12:20:54.140" level="INFO">HANDLE::&lt;class 'NoneType'&gt;::None</msg>
<status status="PASS" starttime="20230831 12:20:54.140" endtime="20230831 12:20:54.146"/>
</kw>
<kw name="Sleep" library="BuiltIn">
<arg>1</arg>
<doc>Pauses the test executed for the given time.</doc>
<msg timestamp="20230831 12:20:55.147" level="INFO">Slept 1 second</msg>
<status status="PASS" starttime="20230831 12:20:54.146" endtime="20230831 12:20:55.147"/>
</kw>
<status status="PASS" starttime="20230831 12:20:52.075" endtime="20230831 12:20:55.147"/>
</kw>
<kw name="Close Browser" library="SeleniumLibrary" type="TEARDOWN">
<doc>Closes the current browser.</doc>
<status status="PASS" starttime="20230831 12:20:55.147" endtime="20230831 12:20:57.335"/>
</kw>
<status status="PASS" starttime="20230831 12:20:38.546" endtime="20230831 12:20:57.335"/>
</test>
<test id="s1-t3" name="TC_03 Testing Prompt Alert" line="12">
<kw name="Launch Automation Practice Page" type="SETUP">
<kw name="Create Webdriver" library="SeleniumLibrary">
<arg>Edge</arg>
<doc>Creates an instance of Selenium WebDriver.</doc>
<msg timestamp="20230831 12:21:01.554" level="INFO">Creating an instance of the Edge WebDriver.</msg>
<status status="PASS" starttime="20230831 12:21:01.554" endtime="20230831 12:21:03.184"/>
</kw>
<kw name="Go To" library="SeleniumLibrary">
<arg>https://testautomationpractice.blogspot.com/</arg>
<doc>Navigates the current browser window to the provided ``url``.</doc>
<msg timestamp="20230831 12:21:03.185" level="INFO">Opening url 'https://testautomationpractice.blogspot.com/'</msg>
<status status="PASS" starttime="20230831 12:21:03.185" endtime="20230831 12:21:11.807"/>
</kw>
<kw name="Maximize Browser Window" library="SeleniumLibrary">
<doc>Maximizes current browser window.</doc>
<status status="PASS" starttime="20230831 12:21:11.808" endtime="20230831 12:21:11.938"/>
</kw>
<kw name="Sleep" library="BuiltIn">
<arg>2</arg>
<doc>Pauses the test executed for the given time.</doc>
<msg timestamp="20230831 12:21:13.938" level="INFO">Slept 2 seconds</msg>
<status status="PASS" starttime="20230831 12:21:11.938" endtime="20230831 12:21:13.938"/>
</kw>
<status status="PASS" starttime="20230831 12:21:01.554" endtime="20230831 12:21:13.938"/>
</kw>
<kw name="Handle Prompt Alert">
<kw name="Click Element" library="SeleniumLibrary">
<arg>xpath://button[text()='Prompt']</arg>
<doc>Click the element identified by ``locator``.</doc>
<msg timestamp="20230831 12:21:13.938" level="INFO">Clicking element 'xpath://button[text()='Prompt']'.</msg>
<status status="PASS" starttime="20230831 12:21:13.938" endtime="20230831 12:21:14.007"/>
</kw>
<kw name="Sleep" library="BuiltIn">
<arg>2</arg>
<doc>Pauses the test executed for the given time.</doc>
<msg timestamp="20230831 12:21:16.009" level="INFO">Slept 2 seconds</msg>
<status status="PASS" starttime="20230831 12:21:14.008" endtime="20230831 12:21:16.009"/>
</kw>
<kw name="Input Text Into Alert" library="SeleniumLibrary">
<arg>raja</arg>
<arg>accept</arg>
<doc>Types the given ``text`` into an input field in an alert.</doc>
<status status="PASS" starttime="20230831 12:21:16.010" endtime="20230831 12:21:16.019"/>
</kw>
<kw name="Sleep" library="BuiltIn">
<arg>3</arg>
<doc>Pauses the test executed for the given time.</doc>
<msg timestamp="20230831 12:21:19.020" level="INFO">Slept 3 seconds</msg>
<status status="PASS" starttime="20230831 12:21:16.019" endtime="20230831 12:21:19.020"/>
</kw>
<status status="PASS" starttime="20230831 12:21:13.938" endtime="20230831 12:21:19.020"/>
</kw>
<kw name="Close Browser" library="SeleniumLibrary" type="TEARDOWN">
<doc>Closes the current browser.</doc>
<status status="PASS" starttime="20230831 12:21:19.020" endtime="20230831 12:21:21.219"/>
</kw>
<status status="PASS" starttime="20230831 12:21:01.554" endtime="20230831 12:21:21.219"/>
</test>
<kw name="Log To Console" library="BuiltIn" type="TEARDOWN">
<arg>suite teardown</arg>
<doc>Logs the given message to the console.</doc>
<status status="PASS" starttime="20230831 12:20:56.801" endtime="20230831 12:20:56.801"/>
</kw>
<doc>[https://pabot.org/?ref=log|Pabot] result from 3 executions.</doc>
<status status="PASS" starttime="20230831 12:20:38.357" endtime="20230831 12:21:21.219"/>
</suite>
<statistics>
<total>
<stat pass="3" fail="0" skip="0">All Tests</stat>
</total>
<tag>
</tag>
<suite>
<stat pass="3" fail="0" skip="0" id="s1" name="Parallel Testing">Parallel Testing</stat>
</suite>
</statistics>
<errors>
</errors>
</robot>
