<?xml version="1.0" encoding="UTF-8"?>
<robot generator="Robot 6.1 (Python 3.11.3 on win32)" generated="20230831 12:20:38.342" rpa="false" schemaversion="4">
<suite id="s1" name="Parallel Testing" source="D:\RAJA_AUTOMATION\UI_AUTOMATION\Tests\Parallel_Testing.robot">
<kw name="Log To Console" library="BuiltIn" type="SETUP">
<arg>suite setup</arg>
<doc>Logs the given message to the console.</doc>
<status status="PASS" starttime="20230831 12:20:38.546" endtime="20230831 12:20:38.546"/>
</kw>
<test id="s1-t1" name="TC_01 Testing Alert" line="8">
<kw name="Launch Automation Practice Page" type="SETUP">
<kw name="Create Webdriver" library="SeleniumLibrary">
<arg>Edge</arg>
<doc>Creates an instance of Selenium WebDriver.</doc>
<msg timestamp="20230831 12:20:38.546" level="INFO">Creating an instance of the Edge WebDriver.</msg>
<status status="PASS" starttime="20230831 12:20:38.546" endtime="20230831 12:20:40.338"/>
</kw>
<kw name="Go To" library="SeleniumLibrary">
<arg>https://testautomationpractice.blogspot.com/</arg>
<doc>Navigates the current browser window to the provided ``url``.</doc>
<msg timestamp="20230831 12:20:40.339" level="INFO">Opening url 'https://testautomationpractice.blogspot.com/'</msg>
<status status="PASS" starttime="20230831 12:20:40.338" endtime="20230831 12:20:49.343"/>
</kw>
<kw name="Maximize Browser Window" library="SeleniumLibrary">
<doc>Maximizes current browser window.</doc>
<status status="PASS" starttime="20230831 12:20:49.343" endtime="20230831 12:20:49.468"/>
</kw>
<kw name="Sleep" library="BuiltIn">
<arg>2</arg>
<doc>Pauses the test executed for the given time.</doc>
<msg timestamp="20230831 12:20:51.469" level="INFO">Slept 2 seconds</msg>
<status status="PASS" starttime="20230831 12:20:49.468" endtime="20230831 12:20:51.469"/>
</kw>
<status status="PASS" starttime="20230831 12:20:38.546" endtime="20230831 12:20:51.469"/>
</kw>
<kw name="Handle Alert Element">
<kw name="Click Element" library="SeleniumLibrary">
<arg>xpath://button[text()='Alert']</arg>
<doc>Click the element identified by ``locator``.</doc>
<msg timestamp="20230831 12:20:51.472" level="INFO">Clicking element 'xpath://button[text()='Alert']'.</msg>
<status status="PASS" starttime="20230831 12:20:51.471" endtime="20230831 12:20:51.586"/>
</kw>
<kw name="Sleep" library="BuiltIn">
<arg>2</arg>
<doc>Pauses the test executed for the given time.</doc>
<msg timestamp="20230831 12:20:53.587" level="INFO">Slept 2 seconds</msg>
<status status="PASS" starttime="20230831 12:20:51.586" endtime="20230831 12:20:53.587"/>
</kw>
<kw name="Handle Alert" library="SeleniumLibrary">
<arg>accept</arg>
<doc>Handles the current alert and returns its message.</doc>
<msg timestamp="20230831 12:20:53.590" level="INFO">HANDLE::&lt;class 'NoneType'&gt;::None</msg>
<status status="PASS" starttime="20230831 12:20:53.588" endtime="20230831 12:20:53.603"/>
</kw>
<kw name="Sleep" library="BuiltIn">
<arg>1</arg>
<doc>Pauses the test executed for the given time.</doc>
<msg timestamp="20230831 12:20:54.605" level="INFO">Slept 1 second</msg>
<status status="PASS" starttime="20230831 12:20:53.603" endtime="20230831 12:20:54.605"/>
</kw>
<status status="PASS" starttime="20230831 12:20:51.470" endtime="20230831 12:20:54.605"/>
</kw>
<kw name="Close Browser" library="SeleniumLibrary" type="TEARDOWN">
<doc>Closes the current browser.</doc>
<status status="PASS" starttime="20230831 12:20:54.605" endtime="20230831 12:20:56.801"/>
</kw>
<status status="PASS" starttime="20230831 12:20:38.546" endtime="20230831 12:20:56.801"/>
</test>
<kw name="Log To Console" library="BuiltIn" type="TEARDOWN">
<arg>suite teardown</arg>
<doc>Logs the given message to the console.</doc>
<status status="PASS" starttime="20230831 12:20:56.801" endtime="20230831 12:20:56.801"/>
</kw>
<status status="PASS" starttime="20230831 12:20:38.357" endtime="20230831 12:20:56.801"/>
</suite>
<statistics>
<total>
<stat pass="1" fail="0" skip="0">All Tests</stat>
</total>
<tag>
</tag>
<suite>
<stat pass="1" fail="0" skip="0" id="s1" name="Parallel Testing">Parallel Testing</stat>
</suite>
</statistics>
<errors>
</errors>
</robot>
