<?xml version="1.0" encoding="UTF-8"?>
<robot generator="Robot 6.1 (Python 3.11.3 on win32)" generated="20230831 12:21:01.357" rpa="false" schemaversion="4">
<suite id="s1" name="Parallel Testing" source="D:\RAJA_AUTOMATION\UI_AUTOMATION\Tests\Parallel_Testing.robot">
<kw name="Log To Console" library="BuiltIn" type="SETUP">
<arg>suite setup</arg>
<doc>Logs the given message to the console.</doc>
<status status="PASS" starttime="20230831 12:21:01.554" endtime="20230831 12:21:01.554"/>
</kw>
<test id="s1-t1" name="TC_03 Testing Prompt Alert" line="12">
<kw name="Launch Automation Practice Page" type="SETUP">
<kw name="Create Webdriver" library="SeleniumLibrary">
<arg>Edge</arg>
<doc>Creates an instance of Selenium WebDriver.</doc>
<msg timestamp="20230831 12:21:01.554" level="INFO">Creating an instance of the Edge WebDriver.</msg>
<status status="PASS" starttime="20230831 12:21:01.554" endtime="20230831 12:21:03.184"/>
</kw>
<kw name="Go To" library="SeleniumLibrary">
<arg>https://testautomationpractice.blogspot.com/</arg>
<doc>Navigates the current browser window to the provided ``url``.</doc>
<msg timestamp="20230831 12:21:03.185" level="INFO">Opening url 'https://testautomationpractice.blogspot.com/'</msg>
<status status="PASS" starttime="20230831 12:21:03.185" endtime="20230831 12:21:11.807"/>
</kw>
<kw name="Maximize Browser Window" library="SeleniumLibrary">
<doc>Maximizes current browser window.</doc>
<status status="PASS" starttime="20230831 12:21:11.808" endtime="20230831 12:21:11.938"/>
</kw>
<kw name="Sleep" library="BuiltIn">
<arg>2</arg>
<doc>Pauses the test executed for the given time.</doc>
<msg timestamp="20230831 12:21:13.938" level="INFO">Slept 2 seconds</msg>
<status status="PASS" starttime="20230831 12:21:11.938" endtime="20230831 12:21:13.938"/>
</kw>
<status status="PASS" starttime="20230831 12:21:01.554" endtime="20230831 12:21:13.938"/>
</kw>
<kw name="Handle Prompt Alert">
<kw name="Click Element" library="SeleniumLibrary">
<arg>xpath://button[text()='Prompt']</arg>
<doc>Click the element identified by ``locator``.</doc>
<msg timestamp="20230831 12:21:13.938" level="INFO">Clicking element 'xpath://button[text()='Prompt']'.</msg>
<status status="PASS" starttime="20230831 12:21:13.938" endtime="20230831 12:21:14.007"/>
</kw>
<kw name="Sleep" library="BuiltIn">
<arg>2</arg>
<doc>Pauses the test executed for the given time.</doc>
<msg timestamp="20230831 12:21:16.009" level="INFO">Slept 2 seconds</msg>
<status status="PASS" starttime="20230831 12:21:14.008" endtime="20230831 12:21:16.009"/>
</kw>
<kw name="Input Text Into Alert" library="SeleniumLibrary">
<arg>raja</arg>
<arg>accept</arg>
<doc>Types the given ``text`` into an input field in an alert.</doc>
<status status="PASS" starttime="20230831 12:21:16.010" endtime="20230831 12:21:16.019"/>
</kw>
<kw name="Sleep" library="BuiltIn">
<arg>3</arg>
<doc>Pauses the test executed for the given time.</doc>
<msg timestamp="20230831 12:21:19.020" level="INFO">Slept 3 seconds</msg>
<status status="PASS" starttime="20230831 12:21:16.019" endtime="20230831 12:21:19.020"/>
</kw>
<status status="PASS" starttime="20230831 12:21:13.938" endtime="20230831 12:21:19.020"/>
</kw>
<kw name="Close Browser" library="SeleniumLibrary" type="TEARDOWN">
<doc>Closes the current browser.</doc>
<status status="PASS" starttime="20230831 12:21:19.020" endtime="20230831 12:21:21.219"/>
</kw>
<status status="PASS" starttime="20230831 12:21:01.554" endtime="20230831 12:21:21.219"/>
</test>
<kw name="Log To Console" library="BuiltIn" type="TEARDOWN">
<arg>suite teardown</arg>
<doc>Logs the given message to the console.</doc>
<status status="PASS" starttime="20230831 12:21:21.219" endtime="20230831 12:21:21.219"/>
</kw>
<status status="PASS" starttime="20230831 12:21:01.373" endtime="20230831 12:21:21.219"/>
</suite>
<statistics>
<total>
<stat pass="1" fail="0" skip="0">All Tests</stat>
</total>
<tag>
</tag>
<suite>
<stat pass="1" fail="0" skip="0" id="s1" name="Parallel Testing">Parallel Testing</stat>
</suite>
</statistics>
<errors>
</errors>
</robot>
